<?xml version="1.0" encoding="UTF-8"?>
<!-- Generated by org.testng.reporters.JUnitReportReporter -->
<testsuite name="com.talentric.Utilities.Create_TestNGXML" tests="1" time="421.143" ignored="0" failures="0" timestamp="02 Apr 2019 11:44:25 GMT" skipped="0" hostname="Sipl-70" errors="0">
  <testcase name="createXMLfile" time="421.143" classname="com.talentric.Utilities.Create_TestNGXML"/>
</testsuite> <!-- com.talentric.Utilities.Create_TestNGXML -->
