<?xml version="1.0" encoding="UTF-8"?>
<!-- Generated by org.testng.reporters.JUnitReportReporter -->
<testsuite name="com.talentric.Test.CreateNewRequisitionWithBond$CreateRequisitionWithBond" tests="1" time="69.206" ignored="0" failures="0" timestamp="08 Mar 2019 10:40:35 GMT" skipped="0" hostname="Sipl-70" errors="0">
  <testcase name="TC_004" time="69.206" classname="com.talentric.Test.CreateNewRequisitionWithBond$CreateRequisitionWithBond"/>
</testsuite> <!-- com.talentric.Test.CreateNewRequisitionWithBond$CreateRequisitionWithBond -->
