<?xml version="1.0" encoding="UTF-8"?>
<!-- Generated by org.testng.reporters.JUnitReportReporter -->
<testsuite name="com.talentric.Test.CreateNewRequisitionWithCab$CreateRequisitionWithCab" tests="1" time="60.531" ignored="0" failures="0" timestamp="08 Mar 2019 10:50:43 GMT" skipped="0" hostname="Sipl-70" errors="0">
  <testcase name="TC_004" time="60.531" classname="com.talentric.Test.CreateNewRequisitionWithCab$CreateRequisitionWithCab"/>
</testsuite> <!-- com.talentric.Test.CreateNewRequisitionWithCab$CreateRequisitionWithCab -->
